0 info it worked if it ends with ok
1 verbose cli [ '/Users/shaynemeyer/.nvm/versions/node/v6.4.0/bin/node',
1 verbose cli   '/Users/shaynemeyer/.nvm/versions/node/v6.4.0/bin/npm',
1 verbose cli   'run',
1 verbose cli   'test' ]
2 info using npm@3.10.3
3 info using node@v6.4.0
4 verbose run-script [ 'pretest', 'test', 'posttest' ]
5 info lifecycle koavote@1.0.0~pretest: koavote@1.0.0
6 silly lifecycle koavote@1.0.0~pretest: no script for pretest, continuing
7 info lifecycle koavote@1.0.0~test: koavote@1.0.0
8 verbose lifecycle koavote@1.0.0~test: unsafe-perm in lifecycle true
9 verbose lifecycle koavote@1.0.0~test: PATH: /Users/shaynemeyer/.nvm/versions/node/v6.4.0/lib/node_modules/npm/bin/node-gyp-bin:/Users/shaynemeyer/github/koavote/node_modules/.bin:/Users/shaynemeyer/.nvm/versions/node/v6.4.0/bin:/Users/shaynemeyer/.nvm/versions/node/v6.4.0/bin:/usr/local/bin:/usr/bin:/bin:/usr/sbin:/sbin:/usr/local/bin:/usr/local/sbin
10 verbose lifecycle koavote@1.0.0~test: CWD: /Users/shaynemeyer/github/koavote
11 silly lifecycle koavote@1.0.0~test: Args: [ '-c',
11 silly lifecycle   './node_modules/mocha/bin/mocha --harmony -u bdd -R spec' ]
12 silly lifecycle koavote@1.0.0~test: Returned: code: 1  signal: null
13 info lifecycle koavote@1.0.0~test: Failed to exec test script
14 verbose stack Error: koavote@1.0.0 test: `./node_modules/mocha/bin/mocha --harmony -u bdd -R spec`
14 verbose stack Exit status 1
14 verbose stack     at EventEmitter.<anonymous> (/Users/shaynemeyer/.nvm/versions/node/v6.4.0/lib/node_modules/npm/lib/utils/lifecycle.js:242:16)
14 verbose stack     at emitTwo (events.js:106:13)
14 verbose stack     at EventEmitter.emit (events.js:191:7)
14 verbose stack     at ChildProcess.<anonymous> (/Users/shaynemeyer/.nvm/versions/node/v6.4.0/lib/node_modules/npm/lib/utils/spawn.js:40:14)
14 verbose stack     at emitTwo (events.js:106:13)
14 verbose stack     at ChildProcess.emit (events.js:191:7)
14 verbose stack     at maybeClose (internal/child_process.js:852:16)
14 verbose stack     at Process.ChildProcess._handle.onexit (internal/child_process.js:215:5)
15 verbose pkgid koavote@1.0.0
16 verbose cwd /Users/shaynemeyer/github/koavote
17 error Darwin 16.0.0
18 error argv "/Users/shaynemeyer/.nvm/versions/node/v6.4.0/bin/node" "/Users/shaynemeyer/.nvm/versions/node/v6.4.0/bin/npm" "run" "test"
19 error node v6.4.0
20 error npm  v3.10.3
21 error code ELIFECYCLE
22 error koavote@1.0.0 test: `./node_modules/mocha/bin/mocha --harmony -u bdd -R spec`
22 error Exit status 1
23 error Failed at the koavote@1.0.0 test script './node_modules/mocha/bin/mocha --harmony -u bdd -R spec'.
23 error Make sure you have the latest version of node.js and npm installed.
23 error If you do, this is most likely a problem with the koavote package,
23 error not with npm itself.
23 error Tell the author that this fails on your system:
23 error     ./node_modules/mocha/bin/mocha --harmony -u bdd -R spec
23 error You can get information on how to open an issue for this project with:
23 error     npm bugs koavote
23 error Or if that isn't available, you can get their info via:
23 error     npm owner ls koavote
23 error There is likely additional logging output above.
24 verbose exit [ 1, true ]
